{"C:\\coding in colour\\HTML\\servers-databases-Natalinnka\\server.js": {"path":"C:\\coding in colour\\HTML\\servers-databases-Natalinnka\\server.js","statementMap":{"0":{"start":{"line":1,"column":16},"end":{"line":1,"column":34}},"1":{"start":{"line":2,"column":12},"end":{"line":2,"column":21}},"2":{"start":{"line":3,"column":13},"end":{"line":3,"column":17}},"3":{"start":{"line":4,"column":13},"end":{"line":4,"column":28}},"4":{"start":{"line":6,"column":15},"end":{"line":6,"column":32}},"5":{"start":{"line":7,"column":29},"end":{"line":7,"column":59}},"6":{"start":{"line":12,"column":0},"end":{"line":12,"column":16}},"7":{"start":{"line":14,"column":0},"end":{"line":14,"column":24}},"8":{"start":{"line":16,"column":0},"end":{"line":16,"column":23}},"9":{"start":{"line":18,"column":14},"end":{"line":18,"column":39}},"10":{"start":{"line":19,"column":20},"end":{"line":19,"column":45}},"11":{"start":{"line":20,"column":22},"end":{"line":20,"column":49}},"12":{"start":{"line":22,"column":0},"end":{"line":22,"column":19}},"13":{"start":{"line":23,"column":0},"end":{"line":23,"column":31}},"14":{"start":{"line":24,"column":0},"end":{"line":24,"column":35}},"15":{"start":{"line":26,"column":0},"end":{"line":26,"column":26}},"16":{"start":{"line":29,"column":0},"end":{"line":29,"column":21}},"17":{"start":{"line":32,"column":2},"end":{"line":36,"column":3}},"18":{"start":{"line":33,"column":4},"end":{"line":35,"column":7}},"19":{"start":{"line":34,"column":6},"end":{"line":34,"column":70}},"20":{"start":{"line":39,"column":0},"end":{"line":39,"column":7}}},"fnMap":{"0":{"name":"init","decl":{"start":{"line":31,"column":15},"end":{"line":31,"column":19}},"loc":{"start":{"line":31,"column":22},"end":{"line":37,"column":1}},"line":31},"1":{"name":"(anonymous_1)","decl":{"start":{"line":33,"column":21},"end":{"line":33,"column":22}},"loc":{"start":{"line":33,"column":27},"end":{"line":35,"column":5}},"line":33}},"branchMap":{"0":{"loc":{"start":{"line":32,"column":2},"end":{"line":36,"column":3}},"type":"if","locations":[{"start":{"line":32,"column":2},"end":{"line":36,"column":3}},{"start":{},"end":{}}],"line":32}},"s":{"0":3,"1":3,"2":3,"3":3,"4":3,"5":3,"6":3,"7":3,"8":3,"9":3,"10":3,"11":3,"12":3,"13":3,"14":3,"15":3,"16":3,"17":3,"18":0,"19":0,"20":3},"f":{"0":3,"1":0},"b":{"0":[0,3]},"_coverageSchema":"1a1c01bbd47fc00a2c39e90264f33305004495a9","hash":"a3e7ae178a0d7679e4f222890f08d08f613f3625"}
,"C:\\coding in colour\\HTML\\servers-databases-Natalinnka\\data\\data.js": {"path":"C:\\coding in colour\\HTML\\servers-databases-Natalinnka\\data\\data.js","statementMap":{"0":{"start":{"line":3,"column":14},"end":{"line":6,"column":1}},"1":{"start":{"line":8,"column":14},"end":{"line":12,"column":1}},"2":{"start":{"line":14,"column":0},"end":{"line":17,"column":2}}},"fnMap":{},"branchMap":{},"s":{"0":3,"1":3,"2":3},"f":{},"b":{},"_coverageSchema":"1a1c01bbd47fc00a2c39e90264f33305004495a9","hash":"49a475e352bf8eb7cb8ff84ea44932b6f28e2e4a"}
,"C:\\coding in colour\\HTML\\servers-databases-Natalinnka\\routes\\authors.js": {"path":"C:\\coding in colour\\HTML\\servers-databases-Natalinnka\\routes\\authors.js","statementMap":{"0":{"start":{"line":1,"column":16},"end":{"line":1,"column":34}},"1":{"start":{"line":2,"column":15},"end":{"line":2,"column":31}},"2":{"start":{"line":5,"column":20},"end":{"line":5,"column":43}},"3":{"start":{"line":8,"column":0},"end":{"line":15,"column":3}},"4":{"start":{"line":9,"column":2},"end":{"line":14,"column":3}},"5":{"start":{"line":10,"column":4},"end":{"line":10,"column":34}},"6":{"start":{"line":12,"column":4},"end":{"line":12,"column":25}},"7":{"start":{"line":13,"column":4},"end":{"line":13,"column":24}},"8":{"start":{"line":18,"column":0},"end":{"line":28,"column":3}},"9":{"start":{"line":19,"column":2},"end":{"line":27,"column":3}},"10":{"start":{"line":20,"column":15},"end":{"line":20,"column":38}},"11":{"start":{"line":21,"column":19},"end":{"line":21,"column":49}},"12":{"start":{"line":21,"column":37},"end":{"line":21,"column":48}},"13":{"start":{"line":22,"column":4},"end":{"line":22,"column":65}},"14":{"start":{"line":22,"column":17},"end":{"line":22,"column":65}},"15":{"start":{"line":23,"column":4},"end":{"line":23,"column":33}},"16":{"start":{"line":25,"column":4},"end":{"line":25,"column":25}},"17":{"start":{"line":26,"column":4},"end":{"line":26,"column":24}},"18":{"start":{"line":31,"column":0},"end":{"line":50,"column":3}},"19":{"start":{"line":32,"column":2},"end":{"line":49,"column":3}},"20":{"start":{"line":33,"column":46},"end":{"line":33,"column":54}},"21":{"start":{"line":35,"column":4},"end":{"line":35,"column":83}},"22":{"start":{"line":35,"column":30},"end":{"line":35,"column":83}},"23":{"start":{"line":37,"column":18},"end":{"line":37,"column":82}},"24":{"start":{"line":37,"column":68},"end":{"line":37,"column":72}},"25":{"start":{"line":38,"column":22},"end":{"line":42,"column":5}},"26":{"start":{"line":44,"column":4},"end":{"line":44,"column":28}},"27":{"start":{"line":45,"column":4},"end":{"line":45,"column":36}},"28":{"start":{"line":47,"column":4},"end":{"line":47,"column":25}},"29":{"start":{"line":48,"column":4},"end":{"line":48,"column":24}},"30":{"start":{"line":53,"column":0},"end":{"line":69,"column":3}},"31":{"start":{"line":54,"column":2},"end":{"line":68,"column":3}},"32":{"start":{"line":55,"column":15},"end":{"line":55,"column":38}},"33":{"start":{"line":56,"column":40},"end":{"line":56,"column":48}},"34":{"start":{"line":58,"column":19},"end":{"line":58,"column":49}},"35":{"start":{"line":58,"column":37},"end":{"line":58,"column":48}},"36":{"start":{"line":59,"column":4},"end":{"line":59,"column":65}},"37":{"start":{"line":59,"column":17},"end":{"line":59,"column":65}},"38":{"start":{"line":61,"column":4},"end":{"line":61,"column":33}},"39":{"start":{"line":61,"column":14},"end":{"line":61,"column":33}},"40":{"start":{"line":62,"column":4},"end":{"line":62,"column":46}},"41":{"start":{"line":62,"column":20},"end":{"line":62,"column":46}},"42":{"start":{"line":64,"column":4},"end":{"line":64,"column":33}},"43":{"start":{"line":66,"column":4},"end":{"line":66,"column":25}},"44":{"start":{"line":67,"column":4},"end":{"line":67,"column":24}},"45":{"start":{"line":72,"column":0},"end":{"line":84,"column":3}},"46":{"start":{"line":73,"column":2},"end":{"line":83,"column":3}},"47":{"start":{"line":74,"column":15},"end":{"line":74,"column":38}},"48":{"start":{"line":75,"column":18},"end":{"line":75,"column":53}},"49":{"start":{"line":75,"column":41},"end":{"line":75,"column":52}},"50":{"start":{"line":76,"column":4},"end":{"line":76,"column":70}},"51":{"start":{"line":76,"column":22},"end":{"line":76,"column":70}},"52":{"start":{"line":78,"column":4},"end":{"line":78,"column":29}},"53":{"start":{"line":79,"column":4},"end":{"line":79,"column":24}},"54":{"start":{"line":81,"column":4},"end":{"line":81,"column":25}},"55":{"start":{"line":82,"column":4},"end":{"line":82,"column":24}},"56":{"start":{"line":90,"column":0},"end":{"line":90,"column":24}}},"fnMap":{"0":{"name":"(anonymous_0)","decl":{"start":{"line":8,"column":16},"end":{"line":8,"column":17}},"loc":{"start":{"line":8,"column":30},"end":{"line":15,"column":1}},"line":8},"1":{"name":"(anonymous_1)","decl":{"start":{"line":18,"column":19},"end":{"line":18,"column":20}},"loc":{"start":{"line":18,"column":33},"end":{"line":28,"column":1}},"line":18},"2":{"name":"(anonymous_2)","decl":{"start":{"line":21,"column":32},"end":{"line":21,"column":33}},"loc":{"start":{"line":21,"column":37},"end":{"line":21,"column":48}},"line":21},"3":{"name":"(anonymous_3)","decl":{"start":{"line":31,"column":17},"end":{"line":31,"column":18}},"loc":{"start":{"line":31,"column":31},"end":{"line":50,"column":1}},"line":31},"4":{"name":"(anonymous_4)","decl":{"start":{"line":37,"column":63},"end":{"line":37,"column":64}},"loc":{"start":{"line":37,"column":68},"end":{"line":37,"column":72}},"line":37},"5":{"name":"(anonymous_5)","decl":{"start":{"line":53,"column":19},"end":{"line":53,"column":20}},"loc":{"start":{"line":53,"column":33},"end":{"line":69,"column":1}},"line":53},"6":{"name":"(anonymous_6)","decl":{"start":{"line":58,"column":32},"end":{"line":58,"column":33}},"loc":{"start":{"line":58,"column":37},"end":{"line":58,"column":48}},"line":58},"7":{"name":"(anonymous_7)","decl":{"start":{"line":72,"column":22},"end":{"line":72,"column":23}},"loc":{"start":{"line":72,"column":36},"end":{"line":84,"column":1}},"line":72},"8":{"name":"(anonymous_8)","decl":{"start":{"line":75,"column":36},"end":{"line":75,"column":37}},"loc":{"start":{"line":75,"column":41},"end":{"line":75,"column":52}},"line":75}},"branchMap":{"0":{"loc":{"start":{"line":22,"column":4},"end":{"line":22,"column":65}},"type":"if","locations":[{"start":{"line":22,"column":4},"end":{"line":22,"column":65}},{"start":{},"end":{}}],"line":22},"1":{"loc":{"start":{"line":33,"column":26},"end":{"line":33,"column":41}},"type":"default-arg","locations":[{"start":{"line":33,"column":39},"end":{"line":33,"column":41}}],"line":33},"2":{"loc":{"start":{"line":35,"column":4},"end":{"line":35,"column":83}},"type":"if","locations":[{"start":{"line":35,"column":4},"end":{"line":35,"column":83}},{"start":{},"end":{}}],"line":35},"3":{"loc":{"start":{"line":35,"column":8},"end":{"line":35,"column":28}},"type":"binary-expr","locations":[{"start":{"line":35,"column":8},"end":{"line":35,"column":13}},{"start":{"line":35,"column":17},"end":{"line":35,"column":28}}],"line":35},"4":{"loc":{"start":{"line":37,"column":18},"end":{"line":37,"column":82}},"type":"cond-expr","locations":[{"start":{"line":37,"column":39},"end":{"line":37,"column":78}},{"start":{"line":37,"column":81},"end":{"line":37,"column":82}}],"line":37},"5":{"loc":{"start":{"line":59,"column":4},"end":{"line":59,"column":65}},"type":"if","locations":[{"start":{"line":59,"column":4},"end":{"line":59,"column":65}},{"start":{},"end":{}}],"line":59},"6":{"loc":{"start":{"line":61,"column":4},"end":{"line":61,"column":33}},"type":"if","locations":[{"start":{"line":61,"column":4},"end":{"line":61,"column":33}},{"start":{},"end":{}}],"line":61},"7":{"loc":{"start":{"line":62,"column":4},"end":{"line":62,"column":46}},"type":"if","locations":[{"start":{"line":62,"column":4},"end":{"line":62,"column":46}},{"start":{},"end":{}}],"line":62},"8":{"loc":{"start":{"line":76,"column":4},"end":{"line":76,"column":70}},"type":"if","locations":[{"start":{"line":76,"column":4},"end":{"line":76,"column":70}},{"start":{},"end":{}}],"line":76}},"s":{"0":3,"1":3,"2":3,"3":3,"4":1,"5":1,"6":0,"7":0,"8":3,"9":2,"10":2,"11":2,"12":4,"13":2,"14":1,"15":1,"16":0,"17":0,"18":3,"19":1,"20":1,"21":1,"22":0,"23":1,"24":3,"25":1,"26":1,"27":1,"28":0,"29":0,"30":3,"31":2,"32":2,"33":2,"34":2,"35":5,"36":2,"37":1,"38":1,"39":1,"40":1,"41":0,"42":1,"43":0,"44":0,"45":3,"46":2,"47":2,"48":2,"49":4,"50":2,"51":1,"52":1,"53":1,"54":0,"55":0,"56":3},"f":{"0":1,"1":2,"2":4,"3":1,"4":3,"5":2,"6":5,"7":2,"8":4},"b":{"0":[1,1],"1":[1],"2":[0,1],"3":[1,1],"4":[1,0],"5":[1,1],"6":[1,0],"7":[0,1],"8":[1,1]},"_coverageSchema":"1a1c01bbd47fc00a2c39e90264f33305004495a9","hash":"7064cb7634a5fe4b816eddcbb03218643ce97375"}
,"C:\\coding in colour\\HTML\\servers-databases-Natalinnka\\routes\\books.js": {"path":"C:\\coding in colour\\HTML\\servers-databases-Natalinnka\\routes\\books.js","statementMap":{"0":{"start":{"line":1,"column":16},"end":{"line":1,"column":34}},"1":{"start":{"line":2,"column":15},"end":{"line":2,"column":31}},"2":{"start":{"line":3,"column":27},"end":{"line":3,"column":50}},"3":{"start":{"line":6,"column":0},"end":{"line":12,"column":3}},"4":{"start":{"line":7,"column":2},"end":{"line":11,"column":3}},"5":{"start":{"line":8,"column":4},"end":{"line":8,"column":32}},"6":{"start":{"line":10,"column":4},"end":{"line":10,"column":24}},"7":{"start":{"line":14,"column":0},"end":{"line":25,"column":3}},"8":{"start":{"line":15,"column":2},"end":{"line":24,"column":3}},"9":{"start":{"line":16,"column":15},"end":{"line":16,"column":38}},"10":{"start":{"line":17,"column":17},"end":{"line":17,"column":45}},"11":{"start":{"line":17,"column":33},"end":{"line":17,"column":44}},"12":{"start":{"line":18,"column":4},"end":{"line":18,"column":61}},"13":{"start":{"line":18,"column":15},"end":{"line":18,"column":61}},"14":{"start":{"line":19,"column":4},"end":{"line":19,"column":31}},"15":{"start":{"line":22,"column":4},"end":{"line":22,"column":25}},"16":{"start":{"line":23,"column":4},"end":{"line":23,"column":24}},"17":{"start":{"line":28,"column":0},"end":{"line":47,"column":3}},"18":{"start":{"line":29,"column":2},"end":{"line":46,"column":3}},"19":{"start":{"line":30,"column":39},"end":{"line":30,"column":47}},"20":{"start":{"line":32,"column":4},"end":{"line":32,"column":78}},"21":{"start":{"line":32,"column":25},"end":{"line":32,"column":78}},"22":{"start":{"line":34,"column":24},"end":{"line":34,"column":61}},"23":{"start":{"line":34,"column":42},"end":{"line":34,"column":60}},"24":{"start":{"line":35,"column":29},"end":{"line":35,"column":57}},"25":{"start":{"line":37,"column":18},"end":{"line":37,"column":78}},"26":{"start":{"line":37,"column":64},"end":{"line":37,"column":68}},"27":{"start":{"line":38,"column":20},"end":{"line":38,"column":75}},"28":{"start":{"line":40,"column":4},"end":{"line":40,"column":24}},"29":{"start":{"line":41,"column":4},"end":{"line":41,"column":34}},"30":{"start":{"line":44,"column":4},"end":{"line":44,"column":25}},"31":{"start":{"line":45,"column":4},"end":{"line":45,"column":24}},"32":{"start":{"line":49,"column":0},"end":{"line":71,"column":3}},"33":{"start":{"line":50,"column":2},"end":{"line":70,"column":3}},"34":{"start":{"line":51,"column":15},"end":{"line":51,"column":38}},"35":{"start":{"line":52,"column":39},"end":{"line":52,"column":47}},"36":{"start":{"line":54,"column":17},"end":{"line":54,"column":45}},"37":{"start":{"line":54,"column":33},"end":{"line":54,"column":44}},"38":{"start":{"line":55,"column":4},"end":{"line":55,"column":61}},"39":{"start":{"line":55,"column":15},"end":{"line":55,"column":61}},"40":{"start":{"line":57,"column":4},"end":{"line":57,"column":31}},"41":{"start":{"line":57,"column":14},"end":{"line":57,"column":31}},"42":{"start":{"line":58,"column":4},"end":{"line":58,"column":34}},"43":{"start":{"line":58,"column":15},"end":{"line":58,"column":34}},"44":{"start":{"line":59,"column":4},"end":{"line":62,"column":1}},"45":{"start":{"line":60,"column":26},"end":{"line":60,"column":63}},"46":{"start":{"line":60,"column":44},"end":{"line":60,"column":62}},"47":{"start":{"line":61,"column":6},"end":{"line":61,"column":52}},"48":{"start":{"line":65,"column":4},"end":{"line":65,"column":31}},"49":{"start":{"line":68,"column":4},"end":{"line":68,"column":25}},"50":{"start":{"line":69,"column":4},"end":{"line":69,"column":24}},"51":{"start":{"line":73,"column":0},"end":{"line":86,"column":3}},"52":{"start":{"line":74,"column":2},"end":{"line":85,"column":3}},"53":{"start":{"line":75,"column":15},"end":{"line":75,"column":38}},"54":{"start":{"line":76,"column":18},"end":{"line":76,"column":51}},"55":{"start":{"line":76,"column":39},"end":{"line":76,"column":50}},"56":{"start":{"line":77,"column":4},"end":{"line":77,"column":68}},"57":{"start":{"line":77,"column":22},"end":{"line":77,"column":68}},"58":{"start":{"line":79,"column":4},"end":{"line":79,"column":27}},"59":{"start":{"line":80,"column":4},"end":{"line":80,"column":24}},"60":{"start":{"line":83,"column":4},"end":{"line":83,"column":25}},"61":{"start":{"line":84,"column":4},"end":{"line":84,"column":24}},"62":{"start":{"line":88,"column":0},"end":{"line":88,"column":24}}},"fnMap":{"0":{"name":"(anonymous_0)","decl":{"start":{"line":6,"column":16},"end":{"line":6,"column":17}},"loc":{"start":{"line":6,"column":30},"end":{"line":12,"column":1}},"line":6},"1":{"name":"(anonymous_1)","decl":{"start":{"line":14,"column":19},"end":{"line":14,"column":20}},"loc":{"start":{"line":14,"column":33},"end":{"line":25,"column":1}},"line":14},"2":{"name":"(anonymous_2)","decl":{"start":{"line":17,"column":28},"end":{"line":17,"column":29}},"loc":{"start":{"line":17,"column":33},"end":{"line":17,"column":44}},"line":17},"3":{"name":"(anonymous_3)","decl":{"start":{"line":28,"column":17},"end":{"line":28,"column":18}},"loc":{"start":{"line":28,"column":31},"end":{"line":47,"column":1}},"line":28},"4":{"name":"(anonymous_4)","decl":{"start":{"line":34,"column":37},"end":{"line":34,"column":38}},"loc":{"start":{"line":34,"column":42},"end":{"line":34,"column":60}},"line":34},"5":{"name":"(anonymous_5)","decl":{"start":{"line":37,"column":59},"end":{"line":37,"column":60}},"loc":{"start":{"line":37,"column":64},"end":{"line":37,"column":68}},"line":37},"6":{"name":"(anonymous_6)","decl":{"start":{"line":49,"column":19},"end":{"line":49,"column":20}},"loc":{"start":{"line":49,"column":33},"end":{"line":71,"column":1}},"line":49},"7":{"name":"(anonymous_7)","decl":{"start":{"line":54,"column":28},"end":{"line":54,"column":29}},"loc":{"start":{"line":54,"column":33},"end":{"line":54,"column":44}},"line":54},"8":{"name":"(anonymous_8)","decl":{"start":{"line":60,"column":39},"end":{"line":60,"column":40}},"loc":{"start":{"line":60,"column":44},"end":{"line":60,"column":62}},"line":60},"9":{"name":"(anonymous_9)","decl":{"start":{"line":73,"column":22},"end":{"line":73,"column":23}},"loc":{"start":{"line":73,"column":36},"end":{"line":86,"column":1}},"line":73},"10":{"name":"(anonymous_10)","decl":{"start":{"line":76,"column":34},"end":{"line":76,"column":35}},"loc":{"start":{"line":76,"column":39},"end":{"line":76,"column":50}},"line":76}},"branchMap":{"0":{"loc":{"start":{"line":18,"column":4},"end":{"line":18,"column":61}},"type":"if","locations":[{"start":{"line":18,"column":4},"end":{"line":18,"column":61}},{"start":{},"end":{}}],"line":18},"1":{"loc":{"start":{"line":32,"column":4},"end":{"line":32,"column":78}},"type":"if","locations":[{"start":{"line":32,"column":4},"end":{"line":32,"column":78}},{"start":{},"end":{}}],"line":32},"2":{"loc":{"start":{"line":32,"column":8},"end":{"line":32,"column":23}},"type":"binary-expr","locations":[{"start":{"line":32,"column":8},"end":{"line":32,"column":13}},{"start":{"line":32,"column":17},"end":{"line":32,"column":23}}],"line":32},"3":{"loc":{"start":{"line":35,"column":29},"end":{"line":35,"column":57}},"type":"cond-expr","locations":[{"start":{"line":35,"column":43},"end":{"line":35,"column":52}},{"start":{"line":35,"column":55},"end":{"line":35,"column":57}}],"line":35},"4":{"loc":{"start":{"line":37,"column":18},"end":{"line":37,"column":78}},"type":"cond-expr","locations":[{"start":{"line":37,"column":37},"end":{"line":37,"column":74}},{"start":{"line":37,"column":77},"end":{"line":37,"column":78}}],"line":37},"5":{"loc":{"start":{"line":55,"column":4},"end":{"line":55,"column":61}},"type":"if","locations":[{"start":{"line":55,"column":4},"end":{"line":55,"column":61}},{"start":{},"end":{}}],"line":55},"6":{"loc":{"start":{"line":57,"column":4},"end":{"line":57,"column":31}},"type":"if","locations":[{"start":{"line":57,"column":4},"end":{"line":57,"column":31}},{"start":{},"end":{}}],"line":57},"7":{"loc":{"start":{"line":58,"column":4},"end":{"line":58,"column":34}},"type":"if","locations":[{"start":{"line":58,"column":4},"end":{"line":58,"column":34}},{"start":{},"end":{}}],"line":58},"8":{"loc":{"start":{"line":59,"column":4},"end":{"line":62,"column":1}},"type":"if","locations":[{"start":{"line":59,"column":4},"end":{"line":62,"column":1}},{"start":{},"end":{}}],"line":59},"9":{"loc":{"start":{"line":61,"column":23},"end":{"line":61,"column":51}},"type":"cond-expr","locations":[{"start":{"line":61,"column":37},"end":{"line":61,"column":46}},{"start":{"line":61,"column":49},"end":{"line":61,"column":51}}],"line":61},"10":{"loc":{"start":{"line":77,"column":4},"end":{"line":77,"column":68}},"type":"if","locations":[{"start":{"line":77,"column":4},"end":{"line":77,"column":68}},{"start":{},"end":{}}],"line":77}},"s":{"0":3,"1":3,"2":3,"3":3,"4":2,"5":2,"6":0,"7":3,"8":2,"9":2,"10":2,"11":3,"12":2,"13":1,"14":1,"15":0,"16":0,"17":3,"18":2,"19":2,"20":2,"21":0,"22":2,"23":6,"24":2,"25":2,"26":5,"27":2,"28":2,"29":2,"30":0,"31":0,"32":3,"33":2,"34":2,"35":2,"36":2,"37":5,"38":2,"39":1,"40":1,"41":1,"42":1,"43":1,"44":1,"45":1,"46":1,"47":1,"48":1,"49":0,"50":0,"51":3,"52":2,"53":2,"54":2,"55":4,"56":2,"57":1,"58":1,"59":1,"60":0,"61":0,"62":3},"f":{"0":2,"1":2,"2":3,"3":2,"4":6,"5":5,"6":2,"7":5,"8":1,"9":2,"10":4},"b":{"0":[1,1],"1":[0,2],"2":[2,2],"3":[0,2],"4":[2,0],"5":[1,1],"6":[1,0],"7":[1,0],"8":[1,0],"9":[1,0],"10":[1,1]},"_coverageSchema":"1a1c01bbd47fc00a2c39e90264f33305004495a9","hash":"3b7dad8da89e406540650c46b35a63b4cc61ba73"}
,"C:\\coding in colour\\HTML\\servers-databases-Natalinnka\\routes\\index.js": {"path":"C:\\coding in colour\\HTML\\servers-databases-Natalinnka\\routes\\index.js","statementMap":{"0":{"start":{"line":1,"column":16},"end":{"line":1,"column":34}},"1":{"start":{"line":2,"column":15},"end":{"line":2,"column":31}},"2":{"start":{"line":10,"column":0},"end":{"line":10,"column":24}}},"fnMap":{},"branchMap":{},"s":{"0":3,"1":3,"2":3},"f":{},"b":{},"_coverageSchema":"1a1c01bbd47fc00a2c39e90264f33305004495a9","hash":"667d6b57e4b0d97b2401af5bf7f4c6e8036d3b4d"}
,"C:\\coding in colour\\HTML\\servers-databases-Natalinnka\\utils\\middlewares.js": {"path":"C:\\coding in colour\\HTML\\servers-databases-Natalinnka\\utils\\middlewares.js","statementMap":{"0":{"start":{"line":1,"column":25},"end":{"line":4,"column":1}},"1":{"start":{"line":3,"column":2},"end":{"line":3,"column":54}},"2":{"start":{"line":6,"column":0},"end":{"line":8,"column":2}}},"fnMap":{"0":{"name":"(anonymous_0)","decl":{"start":{"line":1,"column":25},"end":{"line":1,"column":26}},"loc":{"start":{"line":1,"column":39},"end":{"line":4,"column":1}},"line":1}},"branchMap":{},"s":{"0":3,"1":1,"2":3},"f":{"0":1},"b":{},"_coverageSchema":"1a1c01bbd47fc00a2c39e90264f33305004495a9","hash":"e6f72acd0f876a686dd671c56864c52e86b6b2ea"}
}
