{"C:\\coding in colour\\HTML\\servers-databases-Natalinnka\\server.js": {"path":"C:\\coding in colour\\HTML\\servers-databases-Natalinnka\\server.js","statementMap":{"0":{"start":{"line":1,"column":16},"end":{"line":1,"column":34}},"1":{"start":{"line":2,"column":12},"end":{"line":2,"column":21}},"2":{"start":{"line":3,"column":13},"end":{"line":3,"column":17}},"3":{"start":{"line":4,"column":13},"end":{"line":4,"column":28}},"4":{"start":{"line":5,"column":15},"end":{"line":5,"column":32}},"5":{"start":{"line":6,"column":29},"end":{"line":6,"column":59}},"6":{"start":{"line":7,"column":0},"end":{"line":7,"column":27}},"7":{"start":{"line":10,"column":18},"end":{"line":10,"column":40}},"8":{"start":{"line":13,"column":0},"end":{"line":13,"column":16}},"9":{"start":{"line":14,"column":0},"end":{"line":14,"column":24}},"10":{"start":{"line":15,"column":0},"end":{"line":15,"column":23}},"11":{"start":{"line":17,"column":14},"end":{"line":17,"column":39}},"12":{"start":{"line":18,"column":20},"end":{"line":18,"column":45}},"13":{"start":{"line":19,"column":22},"end":{"line":19,"column":49}},"14":{"start":{"line":21,"column":0},"end":{"line":21,"column":19}},"15":{"start":{"line":22,"column":0},"end":{"line":22,"column":31}},"16":{"start":{"line":23,"column":0},"end":{"line":23,"column":35}},"17":{"start":{"line":25,"column":0},"end":{"line":25,"column":26}},"18":{"start":{"line":27,"column":0},"end":{"line":27,"column":21}},"19":{"start":{"line":30,"column":2},"end":{"line":48,"column":3}},"20":{"start":{"line":31,"column":4},"end":{"line":31,"column":35}},"21":{"start":{"line":32,"column":4},"end":{"line":32,"column":76}},"22":{"start":{"line":34,"column":4},"end":{"line":39,"column":5}},"23":{"start":{"line":35,"column":6},"end":{"line":35,"column":44}},"24":{"start":{"line":36,"column":6},"end":{"line":38,"column":7}},"25":{"start":{"line":37,"column":8},"end":{"line":37,"column":60}},"26":{"start":{"line":41,"column":4},"end":{"line":45,"column":5}},"27":{"start":{"line":42,"column":6},"end":{"line":44,"column":9}},"28":{"start":{"line":43,"column":8},"end":{"line":43,"column":72}},"29":{"start":{"line":47,"column":4},"end":{"line":47,"column":65}},"30":{"start":{"line":51,"column":0},"end":{"line":51,"column":7}}},"fnMap":{"0":{"name":"init","decl":{"start":{"line":29,"column":15},"end":{"line":29,"column":19}},"loc":{"start":{"line":29,"column":22},"end":{"line":49,"column":1}},"line":29},"1":{"name":"(anonymous_1)","decl":{"start":{"line":42,"column":23},"end":{"line":42,"column":24}},"loc":{"start":{"line":42,"column":29},"end":{"line":44,"column":7}},"line":42}},"branchMap":{"0":{"loc":{"start":{"line":34,"column":4},"end":{"line":39,"column":5}},"type":"if","locations":[{"start":{"line":34,"column":4},"end":{"line":39,"column":5}},{"start":{},"end":{}}],"line":34},"1":{"loc":{"start":{"line":36,"column":6},"end":{"line":38,"column":7}},"type":"if","locations":[{"start":{"line":36,"column":6},"end":{"line":38,"column":7}},{"start":{},"end":{}}],"line":36},"2":{"loc":{"start":{"line":41,"column":4},"end":{"line":45,"column":5}},"type":"if","locations":[{"start":{"line":41,"column":4},"end":{"line":45,"column":5}},{"start":{},"end":{}}],"line":41}},"s":{"0":1,"1":1,"2":1,"3":1,"4":1,"5":1,"6":1,"7":1,"8":1,"9":1,"10":1,"11":1,"12":1,"13":1,"14":1,"15":1,"16":1,"17":1,"18":1,"19":1,"20":1,"21":1,"22":1,"23":0,"24":0,"25":0,"26":1,"27":0,"28":0,"29":0,"30":1},"f":{"0":1,"1":0},"b":{"0":[0,1],"1":[0,0],"2":[0,1]},"_coverageSchema":"1a1c01bbd47fc00a2c39e90264f33305004495a9","hash":"07500bd039c61a897cc592379ffc4241d08215a9"}
,"C:\\coding in colour\\HTML\\servers-databases-Natalinnka\\config\\db.js": {"path":"C:\\coding in colour\\HTML\\servers-databases-Natalinnka\\config\\db.js","statementMap":{"0":{"start":{"line":1,"column":22},"end":{"line":1,"column":42}},"1":{"start":{"line":2,"column":0},"end":{"line":2,"column":27}},"2":{"start":{"line":4,"column":18},"end":{"line":12,"column":2}},"3":{"start":{"line":14,"column":0},"end":{"line":14,"column":27}}},"fnMap":{},"branchMap":{},"s":{"0":1,"1":1,"2":1,"3":1},"f":{},"b":{},"_coverageSchema":"1a1c01bbd47fc00a2c39e90264f33305004495a9","hash":"d3f60731b9459313f3a117e609bc8ba936e73c54"}
,"C:\\coding in colour\\HTML\\servers-databases-Natalinnka\\models\\Author.js": {"path":"C:\\coding in colour\\HTML\\servers-databases-Natalinnka\\models\\Author.js","statementMap":{"0":{"start":{"line":1,"column":22},"end":{"line":1,"column":42}},"1":{"start":{"line":2,"column":18},"end":{"line":2,"column":41}},"2":{"start":{"line":4,"column":15},"end":{"line":9,"column":2}},"3":{"start":{"line":11,"column":0},"end":{"line":11,"column":24}}},"fnMap":{},"branchMap":{},"s":{"0":1,"1":1,"2":1,"3":1},"f":{},"b":{},"_coverageSchema":"1a1c01bbd47fc00a2c39e90264f33305004495a9","hash":"e62f343c347c03b5c96d921c08f425eab51a6de1"}
,"C:\\coding in colour\\HTML\\servers-databases-Natalinnka\\models\\Book.js": {"path":"C:\\coding in colour\\HTML\\servers-databases-Natalinnka\\models\\Book.js","statementMap":{"0":{"start":{"line":1,"column":22},"end":{"line":1,"column":42}},"1":{"start":{"line":2,"column":18},"end":{"line":2,"column":41}},"2":{"start":{"line":3,"column":15},"end":{"line":3,"column":34}},"3":{"start":{"line":5,"column":13},"end":{"line":14,"column":2}},"4":{"start":{"line":16,"column":0},"end":{"line":16,"column":52}},"5":{"start":{"line":17,"column":0},"end":{"line":17,"column":50}},"6":{"start":{"line":19,"column":0},"end":{"line":19,"column":22}}},"fnMap":{},"branchMap":{},"s":{"0":1,"1":1,"2":1,"3":1,"4":1,"5":1,"6":1},"f":{},"b":{},"_coverageSchema":"1a1c01bbd47fc00a2c39e90264f33305004495a9","hash":"7e27c975d08ab074c2a404e4f27dcd0a15a56adc"}
,"C:\\coding in colour\\HTML\\servers-databases-Natalinnka\\routes\\authors.js": {"path":"C:\\coding in colour\\HTML\\servers-databases-Natalinnka\\routes\\authors.js","statementMap":{"0":{"start":{"line":1,"column":16},"end":{"line":1,"column":34}},"1":{"start":{"line":2,"column":15},"end":{"line":2,"column":31}},"2":{"start":{"line":3,"column":15},"end":{"line":3,"column":42}},"3":{"start":{"line":6,"column":0},"end":{"line":14,"column":3}},"4":{"start":{"line":7,"column":2},"end":{"line":13,"column":3}},"5":{"start":{"line":8,"column":20},"end":{"line":8,"column":42}},"6":{"start":{"line":9,"column":4},"end":{"line":9,"column":34}},"7":{"start":{"line":11,"column":4},"end":{"line":11,"column":25}},"8":{"start":{"line":12,"column":4},"end":{"line":12,"column":24}},"9":{"start":{"line":17,"column":0},"end":{"line":26,"column":3}},"10":{"start":{"line":18,"column":2},"end":{"line":25,"column":3}},"11":{"start":{"line":19,"column":19},"end":{"line":19,"column":55}},"12":{"start":{"line":20,"column":4},"end":{"line":20,"column":65}},"13":{"start":{"line":20,"column":17},"end":{"line":20,"column":65}},"14":{"start":{"line":21,"column":4},"end":{"line":21,"column":33}},"15":{"start":{"line":23,"column":4},"end":{"line":23,"column":25}},"16":{"start":{"line":24,"column":4},"end":{"line":24,"column":24}},"17":{"start":{"line":29,"column":0},"end":{"line":40,"column":3}},"18":{"start":{"line":30,"column":2},"end":{"line":39,"column":3}},"19":{"start":{"line":31,"column":21},"end":{"line":31,"column":29}},"20":{"start":{"line":32,"column":4},"end":{"line":32,"column":59}},"21":{"start":{"line":32,"column":15},"end":{"line":32,"column":59}},"22":{"start":{"line":34,"column":22},"end":{"line":34,"column":51}},"23":{"start":{"line":35,"column":4},"end":{"line":35,"column":36}},"24":{"start":{"line":37,"column":4},"end":{"line":37,"column":25}},"25":{"start":{"line":38,"column":4},"end":{"line":38,"column":24}},"26":{"start":{"line":43,"column":0},"end":{"line":58,"column":3}},"27":{"start":{"line":44,"column":2},"end":{"line":57,"column":3}},"28":{"start":{"line":45,"column":21},"end":{"line":45,"column":29}},"29":{"start":{"line":46,"column":19},"end":{"line":46,"column":55}},"30":{"start":{"line":48,"column":4},"end":{"line":48,"column":65}},"31":{"start":{"line":48,"column":17},"end":{"line":48,"column":65}},"32":{"start":{"line":50,"column":4},"end":{"line":50,"column":33}},"33":{"start":{"line":50,"column":14},"end":{"line":50,"column":33}},"34":{"start":{"line":52,"column":4},"end":{"line":52,"column":24}},"35":{"start":{"line":53,"column":4},"end":{"line":53,"column":33}},"36":{"start":{"line":55,"column":4},"end":{"line":55,"column":25}},"37":{"start":{"line":56,"column":4},"end":{"line":56,"column":24}},"38":{"start":{"line":61,"column":0},"end":{"line":72,"column":3}},"39":{"start":{"line":62,"column":2},"end":{"line":71,"column":3}},"40":{"start":{"line":63,"column":19},"end":{"line":63,"column":55}},"41":{"start":{"line":64,"column":4},"end":{"line":64,"column":65}},"42":{"start":{"line":64,"column":17},"end":{"line":64,"column":65}},"43":{"start":{"line":66,"column":4},"end":{"line":66,"column":27}},"44":{"start":{"line":67,"column":4},"end":{"line":67,"column":24}},"45":{"start":{"line":69,"column":4},"end":{"line":69,"column":25}},"46":{"start":{"line":70,"column":4},"end":{"line":70,"column":24}},"47":{"start":{"line":74,"column":0},"end":{"line":74,"column":24}}},"fnMap":{"0":{"name":"(anonymous_0)","decl":{"start":{"line":6,"column":16},"end":{"line":6,"column":17}},"loc":{"start":{"line":6,"column":36},"end":{"line":14,"column":1}},"line":6},"1":{"name":"(anonymous_1)","decl":{"start":{"line":17,"column":19},"end":{"line":17,"column":20}},"loc":{"start":{"line":17,"column":39},"end":{"line":26,"column":1}},"line":17},"2":{"name":"(anonymous_2)","decl":{"start":{"line":29,"column":17},"end":{"line":29,"column":18}},"loc":{"start":{"line":29,"column":37},"end":{"line":40,"column":1}},"line":29},"3":{"name":"(anonymous_3)","decl":{"start":{"line":43,"column":19},"end":{"line":43,"column":20}},"loc":{"start":{"line":43,"column":39},"end":{"line":58,"column":1}},"line":43},"4":{"name":"(anonymous_4)","decl":{"start":{"line":61,"column":22},"end":{"line":61,"column":23}},"loc":{"start":{"line":61,"column":42},"end":{"line":72,"column":1}},"line":61}},"branchMap":{"0":{"loc":{"start":{"line":20,"column":4},"end":{"line":20,"column":65}},"type":"if","locations":[{"start":{"line":20,"column":4},"end":{"line":20,"column":65}},{"start":{},"end":{}}],"line":20},"1":{"loc":{"start":{"line":32,"column":4},"end":{"line":32,"column":59}},"type":"if","locations":[{"start":{"line":32,"column":4},"end":{"line":32,"column":59}},{"start":{},"end":{}}],"line":32},"2":{"loc":{"start":{"line":48,"column":4},"end":{"line":48,"column":65}},"type":"if","locations":[{"start":{"line":48,"column":4},"end":{"line":48,"column":65}},{"start":{},"end":{}}],"line":48},"3":{"loc":{"start":{"line":50,"column":4},"end":{"line":50,"column":33}},"type":"if","locations":[{"start":{"line":50,"column":4},"end":{"line":50,"column":33}},{"start":{},"end":{}}],"line":50},"4":{"loc":{"start":{"line":64,"column":4},"end":{"line":64,"column":65}},"type":"if","locations":[{"start":{"line":64,"column":4},"end":{"line":64,"column":65}},{"start":{},"end":{}}],"line":64}},"s":{"0":1,"1":1,"2":1,"3":1,"4":0,"5":0,"6":0,"7":0,"8":0,"9":1,"10":1,"11":1,"12":1,"13":0,"14":1,"15":0,"16":0,"17":1,"18":1,"19":1,"20":1,"21":0,"22":1,"23":1,"24":0,"25":0,"26":1,"27":1,"28":1,"29":1,"30":1,"31":0,"32":1,"33":1,"34":1,"35":1,"36":0,"37":0,"38":1,"39":1,"40":1,"41":1,"42":0,"43":1,"44":1,"45":0,"46":0,"47":1},"f":{"0":0,"1":1,"2":1,"3":1,"4":1},"b":{"0":[0,1],"1":[0,1],"2":[0,1],"3":[1,0],"4":[0,1]},"_coverageSchema":"1a1c01bbd47fc00a2c39e90264f33305004495a9","hash":"8e21d6f2b7028d625dd4b8351ebfb604ad1aefb3"}
,"C:\\coding in colour\\HTML\\servers-databases-Natalinnka\\routes\\books.js": {"path":"C:\\coding in colour\\HTML\\servers-databases-Natalinnka\\routes\\books.js","statementMap":{"0":{"start":{"line":1,"column":16},"end":{"line":1,"column":34}},"1":{"start":{"line":2,"column":15},"end":{"line":2,"column":31}},"2":{"start":{"line":3,"column":13},"end":{"line":3,"column":38}},"3":{"start":{"line":4,"column":15},"end":{"line":4,"column":42}},"4":{"start":{"line":7,"column":0},"end":{"line":15,"column":3}},"5":{"start":{"line":8,"column":2},"end":{"line":14,"column":3}},"6":{"start":{"line":9,"column":18},"end":{"line":9,"column":57}},"7":{"start":{"line":10,"column":4},"end":{"line":10,"column":32}},"8":{"start":{"line":12,"column":4},"end":{"line":12,"column":25}},"9":{"start":{"line":13,"column":4},"end":{"line":13,"column":24}},"10":{"start":{"line":18,"column":0},"end":{"line":27,"column":3}},"11":{"start":{"line":19,"column":2},"end":{"line":26,"column":3}},"12":{"start":{"line":20,"column":17},"end":{"line":20,"column":72}},"13":{"start":{"line":21,"column":4},"end":{"line":21,"column":61}},"14":{"start":{"line":21,"column":15},"end":{"line":21,"column":61}},"15":{"start":{"line":22,"column":4},"end":{"line":22,"column":31}},"16":{"start":{"line":24,"column":4},"end":{"line":24,"column":25}},"17":{"start":{"line":25,"column":4},"end":{"line":25,"column":24}},"18":{"start":{"line":30,"column":0},"end":{"line":46,"column":3}},"19":{"start":{"line":31,"column":2},"end":{"line":45,"column":3}},"20":{"start":{"line":32,"column":39},"end":{"line":32,"column":47}},"21":{"start":{"line":33,"column":4},"end":{"line":34,"column":59}},"22":{"start":{"line":34,"column":6},"end":{"line":34,"column":59}},"23":{"start":{"line":35,"column":25},"end":{"line":35,"column":41}},"24":{"start":{"line":36,"column":19},"end":{"line":36,"column":54}},"25":{"start":{"line":37,"column":4},"end":{"line":37,"column":65}},"26":{"start":{"line":37,"column":17},"end":{"line":37,"column":65}},"27":{"start":{"line":39,"column":20},"end":{"line":39,"column":78}},"28":{"start":{"line":41,"column":4},"end":{"line":41,"column":34}},"29":{"start":{"line":43,"column":4},"end":{"line":43,"column":25}},"30":{"start":{"line":44,"column":4},"end":{"line":44,"column":24}},"31":{"start":{"line":50,"column":0},"end":{"line":75,"column":3}},"32":{"start":{"line":51,"column":2},"end":{"line":74,"column":3}},"33":{"start":{"line":52,"column":17},"end":{"line":52,"column":51}},"34":{"start":{"line":53,"column":4},"end":{"line":53,"column":61}},"35":{"start":{"line":53,"column":15},"end":{"line":53,"column":61}},"36":{"start":{"line":55,"column":39},"end":{"line":55,"column":47}},"37":{"start":{"line":57,"column":4},"end":{"line":57,"column":31}},"38":{"start":{"line":57,"column":14},"end":{"line":57,"column":31}},"39":{"start":{"line":58,"column":4},"end":{"line":58,"column":34}},"40":{"start":{"line":58,"column":15},"end":{"line":58,"column":34}},"41":{"start":{"line":60,"column":4},"end":{"line":64,"column":5}},"42":{"start":{"line":61,"column":21},"end":{"line":61,"column":53}},"43":{"start":{"line":62,"column":6},"end":{"line":62,"column":67}},"44":{"start":{"line":62,"column":19},"end":{"line":62,"column":67}},"45":{"start":{"line":63,"column":6},"end":{"line":63,"column":33}},"46":{"start":{"line":66,"column":4},"end":{"line":66,"column":22}},"47":{"start":{"line":67,"column":4},"end":{"line":70,"column":7}},"48":{"start":{"line":72,"column":4},"end":{"line":72,"column":25}},"49":{"start":{"line":73,"column":4},"end":{"line":73,"column":24}},"50":{"start":{"line":78,"column":0},"end":{"line":89,"column":3}},"51":{"start":{"line":79,"column":2},"end":{"line":88,"column":3}},"52":{"start":{"line":80,"column":17},"end":{"line":80,"column":51}},"53":{"start":{"line":81,"column":4},"end":{"line":81,"column":61}},"54":{"start":{"line":81,"column":15},"end":{"line":81,"column":61}},"55":{"start":{"line":83,"column":4},"end":{"line":83,"column":25}},"56":{"start":{"line":84,"column":4},"end":{"line":84,"column":24}},"57":{"start":{"line":86,"column":4},"end":{"line":86,"column":25}},"58":{"start":{"line":87,"column":4},"end":{"line":87,"column":24}},"59":{"start":{"line":91,"column":0},"end":{"line":91,"column":24}}},"fnMap":{"0":{"name":"(anonymous_0)","decl":{"start":{"line":7,"column":16},"end":{"line":7,"column":17}},"loc":{"start":{"line":7,"column":36},"end":{"line":15,"column":1}},"line":7},"1":{"name":"(anonymous_1)","decl":{"start":{"line":18,"column":19},"end":{"line":18,"column":20}},"loc":{"start":{"line":18,"column":39},"end":{"line":27,"column":1}},"line":18},"2":{"name":"(anonymous_2)","decl":{"start":{"line":30,"column":17},"end":{"line":30,"column":18}},"loc":{"start":{"line":30,"column":37},"end":{"line":46,"column":1}},"line":30},"3":{"name":"(anonymous_3)","decl":{"start":{"line":50,"column":19},"end":{"line":50,"column":20}},"loc":{"start":{"line":50,"column":39},"end":{"line":75,"column":1}},"line":50},"4":{"name":"(anonymous_4)","decl":{"start":{"line":78,"column":22},"end":{"line":78,"column":23}},"loc":{"start":{"line":78,"column":42},"end":{"line":89,"column":1}},"line":78}},"branchMap":{"0":{"loc":{"start":{"line":21,"column":4},"end":{"line":21,"column":61}},"type":"if","locations":[{"start":{"line":21,"column":4},"end":{"line":21,"column":61}},{"start":{},"end":{}}],"line":21},"1":{"loc":{"start":{"line":33,"column":4},"end":{"line":34,"column":59}},"type":"if","locations":[{"start":{"line":33,"column":4},"end":{"line":34,"column":59}},{"start":{},"end":{}}],"line":33},"2":{"loc":{"start":{"line":33,"column":8},"end":{"line":33,"column":23}},"type":"binary-expr","locations":[{"start":{"line":33,"column":8},"end":{"line":33,"column":13}},{"start":{"line":33,"column":17},"end":{"line":33,"column":23}}],"line":33},"3":{"loc":{"start":{"line":35,"column":25},"end":{"line":35,"column":41}},"type":"binary-expr","locations":[{"start":{"line":35,"column":25},"end":{"line":35,"column":34}},{"start":{"line":35,"column":38},"end":{"line":35,"column":41}}],"line":35},"4":{"loc":{"start":{"line":37,"column":4},"end":{"line":37,"column":65}},"type":"if","locations":[{"start":{"line":37,"column":4},"end":{"line":37,"column":65}},{"start":{},"end":{}}],"line":37},"5":{"loc":{"start":{"line":53,"column":4},"end":{"line":53,"column":61}},"type":"if","locations":[{"start":{"line":53,"column":4},"end":{"line":53,"column":61}},{"start":{},"end":{}}],"line":53},"6":{"loc":{"start":{"line":57,"column":4},"end":{"line":57,"column":31}},"type":"if","locations":[{"start":{"line":57,"column":4},"end":{"line":57,"column":31}},{"start":{},"end":{}}],"line":57},"7":{"loc":{"start":{"line":58,"column":4},"end":{"line":58,"column":34}},"type":"if","locations":[{"start":{"line":58,"column":4},"end":{"line":58,"column":34}},{"start":{},"end":{}}],"line":58},"8":{"loc":{"start":{"line":60,"column":4},"end":{"line":64,"column":5}},"type":"if","locations":[{"start":{"line":60,"column":4},"end":{"line":64,"column":5}},{"start":{},"end":{}}],"line":60},"9":{"loc":{"start":{"line":62,"column":6},"end":{"line":62,"column":67}},"type":"if","locations":[{"start":{"line":62,"column":6},"end":{"line":62,"column":67}},{"start":{},"end":{}}],"line":62},"10":{"loc":{"start":{"line":81,"column":4},"end":{"line":81,"column":61}},"type":"if","locations":[{"start":{"line":81,"column":4},"end":{"line":81,"column":61}},{"start":{},"end":{}}],"line":81}},"s":{"0":1,"1":1,"2":1,"3":1,"4":1,"5":0,"6":0,"7":0,"8":0,"9":0,"10":1,"11":1,"12":1,"13":1,"14":0,"15":1,"16":0,"17":0,"18":1,"19":2,"20":2,"21":2,"22":0,"23":2,"24":2,"25":2,"26":0,"27":2,"28":2,"29":0,"30":0,"31":1,"32":1,"33":1,"34":1,"35":0,"36":1,"37":1,"38":0,"39":1,"40":1,"41":1,"42":0,"43":0,"44":0,"45":0,"46":1,"47":1,"48":0,"49":0,"50":1,"51":1,"52":1,"53":1,"54":0,"55":1,"56":1,"57":0,"58":0,"59":1},"f":{"0":0,"1":1,"2":2,"3":1,"4":1},"b":{"0":[0,1],"1":[0,2],"2":[2,2],"3":[2,1],"4":[0,2],"5":[0,1],"6":[0,1],"7":[1,0],"8":[0,1],"9":[0,0],"10":[0,1]},"_coverageSchema":"1a1c01bbd47fc00a2c39e90264f33305004495a9","hash":"318eefcec88ddda2d6c4ffc6dc0dbe2bc43cdc96"}
,"C:\\coding in colour\\HTML\\servers-databases-Natalinnka\\routes\\index.js": {"path":"C:\\coding in colour\\HTML\\servers-databases-Natalinnka\\routes\\index.js","statementMap":{"0":{"start":{"line":1,"column":16},"end":{"line":1,"column":34}},"1":{"start":{"line":2,"column":15},"end":{"line":2,"column":31}},"2":{"start":{"line":3,"column":13},"end":{"line":3,"column":36}},"3":{"start":{"line":5,"column":0},"end":{"line":12,"column":3}},"4":{"start":{"line":6,"column":2},"end":{"line":11,"column":3}},"5":{"start":{"line":7,"column":19},"end":{"line":7,"column":51}},"6":{"start":{"line":8,"column":4},"end":{"line":8,"column":49}},"7":{"start":{"line":10,"column":4},"end":{"line":10,"column":55}},"8":{"start":{"line":14,"column":0},"end":{"line":14,"column":24}}},"fnMap":{"0":{"name":"(anonymous_0)","decl":{"start":{"line":5,"column":16},"end":{"line":5,"column":17}},"loc":{"start":{"line":5,"column":36},"end":{"line":12,"column":1}},"line":5}},"branchMap":{},"s":{"0":1,"1":1,"2":1,"3":1,"4":0,"5":0,"6":0,"7":0,"8":1},"f":{"0":0},"b":{},"_coverageSchema":"1a1c01bbd47fc00a2c39e90264f33305004495a9","hash":"19e54e00dc5387e9536be6fdb47e93c732607754"}
,"C:\\coding in colour\\HTML\\servers-databases-Natalinnka\\utils\\middlewares.js": {"path":"C:\\coding in colour\\HTML\\servers-databases-Natalinnka\\utils\\middlewares.js","statementMap":{"0":{"start":{"line":1,"column":25},"end":{"line":4,"column":1}},"1":{"start":{"line":3,"column":2},"end":{"line":3,"column":54}},"2":{"start":{"line":6,"column":0},"end":{"line":8,"column":2}}},"fnMap":{"0":{"name":"(anonymous_0)","decl":{"start":{"line":1,"column":25},"end":{"line":1,"column":26}},"loc":{"start":{"line":1,"column":39},"end":{"line":4,"column":1}},"line":1}},"branchMap":{},"s":{"0":1,"1":0,"2":1},"f":{"0":0},"b":{},"_coverageSchema":"1a1c01bbd47fc00a2c39e90264f33305004495a9","hash":"e6f72acd0f876a686dd671c56864c52e86b6b2ea"}
}
